val: 500000000000000001
val: 750000000000000001
val: 875000000000000001
val: 937500000000000001
val: 968750000000000001
val: 984375000000000001
val: 992187500000000001
val: 996093750000000001
val: 998046875000000001
val: 999023437500000001
val: 999511718750000001
val: 999755859375000001
val: 999877929687500001
val: 999938964843750001
val: 999969482421875001
val: 999984741210937501
val: 999992370605468751
val: 999996185302734376
val: 999998092651367188
val: 999999046325683594
val: 999999523162841797
val: 999999761581420899
val: 999999880790710450
val: 999999940395355225
val: 999999970197677613
val: 999999985098838807
val: 999999992549419404
val: 999999996274709702
val: 999999998137354851
val: 999999999068677426
val: 999999999534338713
val: 999999999767169357
val: 999999999883584679
val: 999999999941792340
val: 999999999970896170
val: 999999999985448085
val: 999999999992724043
val: 999999999996362022
val: 999999999998181011
val: 999999999999090506
val: 999999999999545253
val: 999999999999772627
val: 999999999999886314
val: 999999999999943157
val: 999999999999971579
val: 999999999999985790
val: 999999999999992895
val: 999999999999996448
val: 999999999999998224
val: 999999999999999112
val: 999999999999999556
val: 999999999999999778
val: 999999999999999889
val: 999999999999999945
val: 999999999999999973
val: 999999999999999987
val: 999999999999999994
val: 999999999999999997
val: 999999999999999999
val: 1000000000000000000
1000000000000000000
